<?xml version="1.0" encoding="utf-8"?><testsuites name="pytest tests"><testsuite name="pytest" errors="0" failures="0" skipped="0" tests="3" time="2.763" timestamp="2026-09-06T15:24:59.800818+10:00" hostname="DESKTOP-DRJGO37"><testcase classname="tests.test_load_regressions" name="test_session_admission_prevents_small_pool_starvation" time="1.626" /><testcase classname="tests.test_load_regressions" name="test_cancelled_session_waiter_and_handler_release_resources" time="0.312" /><testcase classname="tests.test_load_regressions" name="test_batched_participant_response_matches_individual_reads" time="0.798" /></testsuite></testsuites>