<?xml version="1.0" encoding="utf-8"?><testsuites name="pytest tests"><testsuite name="pytest" errors="0" failures="0" skipped="0" tests="94" time="80.531" timestamp="2026-09-06T15:36:32.632071+10:00" hostname="DESKTOP-DRJGO37"><testcase classname="tests.test_applications" name="test_telegram_delivery_is_disabled_for_test_database" time="0.660" /><testcase classname="tests.test_applications" name="test_public_application_can_be_downloaded_imported_and_deleted" time="1.004" /><testcase classname="tests.test_applications" name="test_public_application_accepts_empty_shirt_size" time="0.617" /><testcase classname="tests.test_applications" name="test_public_application_ignores_shirt_size" time="0.630" /><testcase classname="tests.test_applications" name="test_public_application_accepts_supported_phone_formats[9999999999]" time="0.593" /><testcase classname="tests.test_applications" name="test_public_application_accepts_supported_phone_formats[79999999999]" time="0.572" /><testcase classname="tests.test_applications" name="test_public_application_accepts_supported_phone_formats[89999999999]" time="0.573" /><testcase classname="tests.test_applications" name="test_public_application_accepts_supported_phone_formats[+79999999999]" time="0.613" /><testcase classname="tests.test_applications" name="test_public_application_rejects_invalid_phone[]" time="0.584" /><testcase classname="tests.test_applications" name="test_public_application_rejects_invalid_phone[899 999 99 99]" time="0.585" /><testcase classname="tests.test_applications" name="test_public_application_rejects_invalid_phone[8-999-999-99-99]" time="0.588" /><testcase classname="tests.test_applications" name="test_public_application_rejects_invalid_phone[+89999999999]" time="0.575" /><testcase classname="tests.test_applications" name="test_public_application_rejects_invalid_phone[1234567890]" time="0.580" /><testcase classname="tests.test_applications" name="test_public_application_rejects_invalid_representative_name" time="0.573" /><testcase classname="tests.test_applications" name="test_public_application_enforces_template_values[kwargs0-\u0413\u043e\u0434 \u0440\u043e\u0436\u0434\u0435\u043d\u0438\u044f]" time="0.628" /><testcase classname="tests.test_applications" name="test_public_application_enforces_template_values[kwargs1-\u0413\u043e\u0434 \u0440\u043e\u0436\u0434\u0435\u043d\u0438\u044f]" time="0.615" /><testcase classname="tests.test_applications" name="test_public_application_enforces_template_values[kwargs2-\u041f\u043e\u043b]" time="0.629" /><testcase classname="tests.test_applications" name="test_public_application_enforces_template_values[kwargs3-\u0420\u0430\u0437\u0440\u044f\u0434]" time="0.601" /><testcase classname="tests.test_applications" name="test_public_application_enforces_template_values[kwargs4-\u0421\u0435\u0442]" time="0.621" /><testcase classname="tests.test_applications" name="test_public_application_accepts_participant_after_row_39" time="0.607" /><testcase classname="tests.test_applications" name="test_public_application_finds_participant_columns_by_headers" time="0.597" /><testcase classname="tests.test_applications" name="test_public_application_rejects_text_longer_than_database_limit[kwargs0-\u0424\u0430\u043c\u0438\u043b\u0438\u044f]" time="0.580" /><testcase classname="tests.test_applications" name="test_public_application_rejects_text_longer_than_database_limit[kwargs1-\u041a\u043b\u0443\u0431]" time="0.577" /><testcase classname="tests.test_applications" name="test_public_application_rejects_text_longer_than_database_limit[kwargs2-\u041f\u0440\u0435\u0434\u0441\u0442\u0430\u0432\u0438\u0442\u0435\u043b\u044c]" time="0.580" /><testcase classname="tests.test_applications" name="test_public_application_rejects_text_longer_than_database_limit[kwargs3-\u0420\u0430\u0437\u0440\u044f\u0434]" time="0.580" /><testcase classname="tests.test_applications" name="test_public_application_is_duplicated_to_telegram_once" time="0.586" /><testcase classname="tests.test_applications" name="test_same_club_applications_with_different_representatives_stay_separate" time="0.905" /><testcase classname="tests.test_applications" name="test_public_application_rejects_invalid_template" time="0.576" /><testcase classname="tests.test_applications" name="test_file_can_be_received_after_final_start_but_not_imported" time="0.843" /><testcase classname="tests.test_backups" name="test_backups_are_available_only_to_administrator" time="0.798" /><testcase classname="tests.test_backups" name="test_backup_delete_requires_exact_confirmation" time="0.789" /><testcase classname="tests.test_backups" name="test_backup_filename_cannot_escape_directory" time="0.310" /><testcase classname="tests.test_backups" name="test_stage_checkpoint_is_selected_by_snapshot_stage" time="0.315" /><testcase classname="tests.test_backups" name="test_set_state_and_participant_assignments_survive_restore" time="0.623" /><testcase classname="tests.test_competition_reset" name="test_reset_requires_explicit_confirmation" time="0.786" /><testcase classname="tests.test_competition_reset" name="test_participant_reset_preserves_configuration" time="0.893" /><testcase classname="tests.test_competition_reset" name="test_factory_reset_creates_zero_snapshot_and_keeps_staff" time="0.875" /><testcase classname="tests.test_current_corrections" name="test_grade_points_are_shared_nullable_and_nonnegative" time="0.888" /><testcase classname="tests.test_current_corrections" name="test_routes_can_be_created_in_bulk_and_only_unused_route_can_be_deleted" time="0.880" /><testcase classname="tests.test_current_corrections" name="test_all_unused_routes_can_be_deleted_at_once" time="0.815" /><testcase classname="tests.test_current_workflows" name="test_admin_api_requires_authentication" time="0.568" /><testcase classname="tests.test_current_workflows" name="test_admin_event_orders_sets_by_date_then_start_time" time="0.821" /><testcase classname="tests.test_current_workflows" name="test_import_and_duplicate_rejection" time="0.844" /><testcase classname="tests.test_current_workflows" name="test_check_in_is_idempotent" time="0.838" /><testcase classname="tests.test_current_workflows" name="test_stale_participant_version_is_rejected" time="0.846" /><testcase classname="tests.test_current_workflows" name="test_route_update_is_replayable_and_versioned" time="0.840" /><testcase classname="tests.test_current_workflows" name="test_set_update_is_replayable_and_versioned" time="0.832" /><testcase classname="tests.test_current_workflows" name="test_move_participant_checks_capacity" time="0.904" /><testcase classname="tests.test_current_workflows" name="test_batch_results_are_atomic_and_set_lock_is_enforced" time="0.955" /><testcase classname="tests.test_current_workflows" name="test_public_ranking_includes_ties_at_finalist_boundary" time="0.630" /><testcase classname="tests.test_demo_participants" name="test_demo_seed_requires_empty_database_and_clear_supports_set_or_all" time="0.954" /><testcase classname="tests.test_demo_participants" name="test_demo_data_actions_are_administrator_only" time="0.800" /><testcase classname="tests.test_demo_participants" name="test_demo_results_fill_qualification_and_final_separately" time="1.341" /><testcase classname="tests.test_final_adjustments" name="test_qualification_must_be_started_before_results_can_change" time="0.959" /><testcase classname="tests.test_final_adjustments" name="test_public_participant_details_are_closed_by_default_and_can_be_enabled" time="0.870" /><testcase classname="tests.test_final_adjustments" name="test_completed_festival_can_return_to_final" time="0.839" /><testcase classname="tests.test_final_adjustments" name="test_all_qualification_confirmations_can_be_reopened" time="0.900" /><testcase classname="tests.test_final_adjustments" name="test_started_qualification_can_return_to_preparation" time="0.845" /><testcase classname="tests.test_load_regressions" name="test_session_admission_prevents_small_pool_starvation" time="1.618" /><testcase classname="tests.test_load_regressions" name="test_cancelled_session_waiter_and_handler_release_resources" time="0.329" /><testcase classname="tests.test_load_regressions" name="test_batched_participant_response_matches_individual_reads" time="0.744" /><testcase classname="tests.test_metrics" name="test_metrics_include_http_request_counters" time="0.335" /><testcase classname="tests.test_process_coordination" name="test_backup_lock_blocks_other_process_and_recovers_after_crash" time="0.348" /><testcase classname="tests.test_process_coordination" name="test_hourly_backup_success_is_shared_and_failure_can_retry" time="0.329" /><testcase classname="tests.test_process_coordination" name="test_multiprocess_metrics_merge_and_dead_worker_cleanup" time="1.968" /><testcase classname="tests.test_protocol_exports" name="test_qualification_and_final_protocols_follow_template" time="1.451" /><testcase classname="tests.test_roles_and_audit" name="test_admin_profile_and_standard_role_matrix" time="0.824" /><testcase classname="tests.test_roles_and_audit" name="test_backend_permissions_and_denial_are_audited" time="1.305" /><testcase classname="tests.test_roles_and_audit" name="test_route_judge_assignment_and_last_admin_protection" time="1.089" /><testcase classname="tests.test_roles_and_audit" name="test_audit_log_is_append_only_and_records_auth_errors" time="1.069" /><testcase classname="tests.test_roles_and_audit" name="test_user_creation_trims_fields_and_validation_error_is_explained" time="1.300" /><testcase classname="tests.test_roles_and_audit" name="test_audit_participant_target_uses_start_number_and_name" time="0.820" /><testcase classname="tests.test_stage3_participants" name="test_import_preview_marks_cells_and_can_skip_duplicates" time="0.890" /><testcase classname="tests.test_stage3_participants" name="test_festival_application_template_imports_team_and_birth_year" time="0.863" /><testcase classname="tests.test_stage3_participants" name="test_manual_and_imported_participant_age_must_be_between_zero_and_99" time="0.879" /><testcase classname="tests.test_stage3_participants" name="test_festival_application_template_requires_representative" time="0.855" /><testcase classname="tests.test_stage3_participants" name="test_manual_participant_gets_nearby_number_and_final_blocks_creation" time="0.894" /><testcase classname="tests.test_stage3_participants" name="test_manual_participant_can_confirm_set_overflow" time="0.908" /><testcase classname="tests.test_stage4_reception_clubs" name="test_individual_reception_statuses_can_be_set_and_reverted" time="0.886" /><testcase classname="tests.test_stage4_reception_clubs" name="test_club_bulk_action_is_atomic_and_audited" time="0.915" /><testcase classname="tests.test_stage4_reception_clubs" name="test_club_edit_updates_directory_and_all_members" time="0.871" /><testcase classname="tests.test_stage4_reception_clubs" name="test_duplicate_clubs_can_be_confirmed_and_merged" time="0.943" /><testcase classname="tests.test_stage5_categories_finishers" name="test_category_validation_preview_and_finisher_medal" time="0.953" /><testcase classname="tests.test_stage5_categories_finishers" name="test_category_preview_rejects_age_gaps_and_medal_overlaps" time="0.865" /><testcase classname="tests.test_stage5_categories_finishers" name="test_configured_finalist_count_expands_on_tie" time="1.076" /><testcase classname="tests.test_stage6_qualification" name="test_confirm_start_snapshot_lock_and_development_cancel" time="1.916" /><testcase classname="tests.test_stage8_judge" name="test_independent_finalists_save_concurrently_and_replay" time="1.558" /><testcase classname="tests.test_stage8_judge" name="test_another_judge_route_does_not_invalidate_unsent_result" time="2.186" /><testcase classname="tests.test_stage8_judge" name="test_final_requires_confirmed_results_for_every_category" time="1.435" /><testcase classname="tests.test_stage8_judge" name="test_route_judge_can_save_once_only_on_assigned_final_route" time="2.098" /><testcase classname="tests.test_stage8_judge" name="test_route_judge_cannot_see_or_save_stale_finalists_before_final" time="1.555" /><testcase classname="tests.test_validation_guards" name="test_set_and_route_names_cannot_be_only_whitespace" time="0.842" /><testcase classname="tests.test_validation_guards" name="test_password_cannot_be_only_whitespace" time="0.849" /><testcase classname="tests.test_validation_guards" name="test_manual_participant_rejects_unknown_merch_size" time="0.824" /></testsuite></testsuites>